Arguments: 
  D:\Program Files\nodejs\node.exe C:\Users\Snow\AppData\Roaming\npm\node_modules\yarn\bin\yarn.js init

PATH: 
  C:\Users\Snow\bin;D:\Program Files\Git\mingw64\bin;D:\Program Files\Git\usr\local\bin;D:\Program Files\Git\usr\bin;D:\Program Files\Git\usr\bin;D:\Program Files\Git\mingw64\bin;D:\Program Files\Git\usr\bin;C:\Users\Snow\bin;C:\Program Files (x86)\Razer Chroma SDK\bin;C:\Program Files\Razer Chroma SDK\bin;C:\Program Files (x86)\Razer\ChromaBroadcast\bin;C:\Program Files\Razer\ChromaBroadcast\bin;C:\Python27;C:\Python27\Scripts;C:\Windows\system32;C:\Windows;C:\Windows\System32\Wbem;C:\Windows\System32\WindowsPowerShell\v1.0;C:\Windows\System32\OpenSSH;C:\Program Files (x86)\NVIDIA Corporation\PhysX\Common;C:\ProgramData\chocolatey\bin;C:\Program Files (x86)\Yarn\bin;D:\Program Files\nodejs;C:\Program Files\NVIDIA Corporation\NVIDIA NvDLISR;C:\Windows\system32\config\systemprofile\AppData\Local\Microsoft\WindowsApps;D:\Program Files\Git\cmd;C:\WINDOWS\system32;C:\WINDOWS;C:\WINDOWS\System32\Wbem;C:\WINDOWS\System32\WindowsPowerShell\v1.0;C:\WINDOWS\System32\OpenSSH;C:\WINDOWS\system32\config\systemprofile\AppData\Local\Microsoft\WindowsApps;C:\Users\Snow\AppData\Local\Microsoft\WindowsApps;C:\Users\Snow\AppData\Local\Programs\Microsoft VS Code\bin;C:\Users\Snow\AppData\Local\Yarn\bin;C:\Users\Snow\AppData\Roaming\npm;D:\Program Files\Git\usr\bin\vendor_perl;D:\Program Files\Git\usr\bin\core_perl

Yarn version: 
  1.13.0

Node version: 
  11.6.0

Platform: 
  win32 x64

Trace: 
  Error: Can't answer a question unless a user TTY
      at ConsoleReporter.question (C:\Users\Snow\AppData\Roaming\npm\node_modules\yarn\lib\cli.js:96071:59)
      at Object.<anonymous> (C:\Users\Snow\AppData\Roaming\npm\node_modules\yarn\lib\cli.js:88459:38)
      at Generator.next (<anonymous>)
      at step (C:\Users\Snow\AppData\Roaming\npm\node_modules\yarn\lib\cli.js:304:30)
      at C:\Users\Snow\AppData\Roaming\npm\node_modules\yarn\lib\cli.js:315:13
      at process.internalTickCallback (internal/process/next_tick.js:77:7)

npm manifest: 
  No manifest

yarn manifest: 
  No manifest

Lockfile: 
  No lockfile
